<?xml version="1.0" encoding="UTF-8"?>
<!-- Generated by org.testng.reporters.JUnitReportReporter -->
<testsuite hostname="Akeem" failures="0" tests="1" name="testCases.RegisterUser" time="10.671" errors="0" timestamp="2025-03-31T10:49:17 CDT" skipped="0">
  <testcase classname="testCases.RegisterUser" name="RegisterUserInfo" time="10.671"/>
  <system-out/>
</testsuite> <!-- testCases.RegisterUser -->
