<?xml version="1.0" encoding="UTF-8"?>
<!-- Generated by org.testng.reporters.JUnitReportReporter -->
<testsuite hostname="Akeem" failures="0" tests="1" name="testCases.RemoveProductFromCart" time="4.002" errors="0" timestamp="2025-03-31T10:49:17 CDT" skipped="0">
  <testcase classname="testCases.RemoveProductFromCart" name="verifyProductRemovedFromCart" time="4.002"/>
  <system-out/>
</testsuite> <!-- testCases.RemoveProductFromCart -->
