<?xml version="1.0" encoding="UTF-8"?>
<!-- Generated by org.testng.reporters.JUnitReportReporter -->
<testsuite hostname="Akeem" failures="0" tests="1" name="testCases.SearchProduct" time="6.591" errors="0" timestamp="2025-02-25T18:25:05 CST" skipped="0">
  <testcase classname="testCases.SearchProduct" name="testSearchProduct" time="6.591"/>
  <system-out/>
</testsuite> <!-- testCases.SearchProduct -->
