<?xml version="1.0" encoding="UTF-8"?>
<!-- Generated by org.testng.reporters.JUnitReportReporter -->
<testsuite hostname="Akeem" failures="0" tests="1" name="testCases.RegisterUser" time="26.343" errors="0" timestamp="2025-01-31T10:19:55 CST" skipped="0">
  <testcase classname="testCases.RegisterUser" name="RegisterUserInfo" time="26.343"/>
  <system-out/>
</testsuite> <!-- testCases.RegisterUser -->
