<?xml version="1.0" encoding="UTF-8"?>
<!-- Generated by org.testng.reporters.JUnitReportReporter -->
<testsuite hostname="Akeem" failures="0" tests="1" name="testCases.RegisterWhileCheckOut" time="27.125" errors="0" timestamp="2025-03-31T10:49:17 CDT" skipped="0">
  <testcase classname="testCases.RegisterWhileCheckOut" name="verify_Register_while_checkedout" time="27.125"/>
  <system-out/>
</testsuite> <!-- testCases.RegisterWhileCheckOut -->
