<?xml version="1.0" encoding="UTF-8"?>
<!-- Generated by org.testng.reporters.JUnitReportReporter -->
<testsuite hostname="Akeem" failures="0" tests="1" name="testCases.RegisterWhileCheckOut" time="19.561" errors="0" timestamp="2025-03-31T11:24:50 CDT" skipped="0">
  <testcase classname="testCases.RegisterWhileCheckOut" name="verify_Register_while_checkedout" time="19.561"/>
  <system-out/>
</testsuite> <!-- testCases.RegisterWhileCheckOut -->
